::1 - - [03/Dec/2014:14:28:55 +0100] "GET /phpmyadmin/ HTTP/1.1" 200 8153
::1 - - [03/Dec/2014:14:29:11 +0100] "POST /phpmyadmin/index.php HTTP/1.1" 302 -
::1 - - [03/Dec/2014:14:29:12 +0100] "GET /phpmyadmin/index.php?token=c53673bcf5c3634805ed3ad0a4a28ee3 HTTP/1.1" 200 48383
::1 - - [03/Dec/2014:14:29:13 +0100] "GET /phpmyadmin/version_check.php?&_nocache=1417613353483450800 HTTP/1.1" 200 40
::1 - - [03/Dec/2014:14:31:29 +0100] "GET /phpmyadmin/db_structure.php?server=1&db=gegevensdb&token=c53673bcf5c3634805ed3ad0a4a28ee3&ajax_request=true&ajax_page_request=true&menuHashes=84ab625c&_nocache=1417613489311439801 HTTP/1.1" 200 24303
::1 - - [03/Dec/2014:14:36:55 +0100] "GET /phpmyadmin/ HTTP/1.1" 200 48383
::1 - - [03/Dec/2014:14:36:56 +0100] "GET /phpmyadmin/js/get_scripts.js.php?scripts[]=jquery/jquery-1.8.3.js&scripts[]=ajax.js&scripts[]=keyhandler.js&scripts[]=jquery/jquery-ui-1.9.2.custom.js&scripts[]=jquery/jquery.sprintf.js&scripts[]=jquery/jquery.cookie.js&scripts[]=jquery/jquery.mousewheel.js&scripts[]=jquery/jquery.event.drag-2.2.js&scripts[]=jquery/jquery-ui-timepicker-addon.js&scripts[]=jquery/jquery.ba-hashchange-1.3.js&scripts[]=jquery/jquery.debounce-1.0.5.js&scripts[]=jquery/jquery.menuResizer-1.0.js&scripts[]=rte.js&scripts[]=functions.js&scripts[]=navigation.js&scripts[]=indexes.js&scripts[]=common.js&scripts[]=codemirror/lib/codemirror.js&scripts[]=codemirror/mode/mysql/mysql.js HTTP/1.1" 200 578562
::1 - - [03/Dec/2014:14:36:57 +0100] "GET /phpmyadmin/version_check.php?&_nocache=1417613817595221949 HTTP/1.1" 200 40
::1 - - [03/Dec/2014:14:38:52 +0100] "GET /phpmyadmin/db_structure.php?server=1&db=gegevensdb&token=c53673bcf5c3634805ed3ad0a4a28ee3&ajax_request=true&ajax_page_request=true&menuHashes=84ab625c&_nocache=1417613932849546021 HTTP/1.1" 200 24303
::1 - - [03/Dec/2014:15:44:49 +0100] "GET /phpmyadmin/sql.php?db=gegevensdb&token=c53673bcf5c3634805ed3ad0a4a28ee3&goto=db_structure.php&table=tbl_cursist&pos=0&ajax_request=true&ajax_page_request=true&menuHashes=84ab625c-e932a3ce&_nocache=1417617889267227428 HTTP/1.1" 200 310
::1 - - [03/Dec/2014:15:44:52 +0100] "GET /phpmyadmin/ HTTP/1.1" 200 8153
::1 - - [03/Dec/2014:15:44:52 +0100] "GET /phpmyadmin/themes/pmahomme/jquery/jquery-ui-1.9.2.custom.css HTTP/1.1" 304 -
::1 - - [03/Dec/2014:15:44:53 +0100] "GET /phpmyadmin/themes/pmahomme/img/logo_right.png HTTP/1.1" 304 -
::1 - - [03/Dec/2014:15:44:53 +0100] "GET /phpmyadmin/themes/dot.gif HTTP/1.1" 304 -
::1 - - [03/Dec/2014:15:44:52 +0100] "GET /phpmyadmin/js/get_scripts.js.php?scripts[]=jquery/jquery-1.8.3.js&scripts[]=ajax.js&scripts[]=keyhandler.js&scripts[]=jquery/jquery-ui-1.9.2.custom.js&scripts[]=jquery/jquery.sprintf.js&scripts[]=jquery/jquery.cookie.js&scripts[]=jquery/jquery.mousewheel.js&scripts[]=jquery/jquery.event.drag-2.2.js&scripts[]=jquery/jquery-ui-timepicker-addon.js&scripts[]=jquery/jquery.ba-hashchange-1.3.js&scripts[]=jquery/jquery.debounce-1.0.5.js&scripts[]=jquery/jquery.menuResizer-1.0.js&scripts[]=rte.js&scripts[]=functions.js&scripts[]=navigation.js&scripts[]=indexes.js&scripts[]=common.js&scripts[]=codemirror/lib/codemirror.js&scripts[]=codemirror/mode/mysql/mysql.js HTTP/1.1" 200 578562
::1 - - [03/Dec/2014:15:44:52 +0100] "GET /phpmyadmin/phpmyadmin.css.php?server=1&token=c53673bcf5c3634805ed3ad0a4a28ee3&nocache=4251026320ltr HTTP/1.1" 200 88608
::1 - - [03/Dec/2014:15:44:52 +0100] "GET /phpmyadmin/js/get_image.js.php?theme=pmahomme HTTP/1.1" 200 6263
::1 - - [03/Dec/2014:15:44:52 +0100] "GET /phpmyadmin/js/messages.php?lang=nl&db=&server=0&token=c53673bcf5c3634805ed3ad0a4a28ee3 HTTP/1.1" 200 18194
::1 - - [03/Dec/2014:15:44:53 +0100] "GET /phpmyadmin/db_structure.php?db=gegevensdb&table=&server=1&target=&token=c53673bcf5c3634805ed3ad0a4a28ee3 HTTP/1.1" 200 8217
::1 - - [03/Dec/2014:15:44:54 +0100] "GET /phpmyadmin/js/messages.php?lang=nl&db=gegevensdb&token=c53673bcf5c3634805ed3ad0a4a28ee3 HTTP/1.1" 200 18194
::1 - - [03/Dec/2014:15:45:01 +0100] "POST /phpmyadmin/index.php HTTP/1.1" 302 -
::1 - - [03/Dec/2014:15:45:02 +0100] "GET /phpmyadmin/index.php?db=gegevensdb&target=db_structure.php&token=c53673bcf5c3634805ed3ad0a4a28ee3 HTTP/1.1" 200 33292
::1 - - [03/Dec/2014:15:45:03 +0100] "GET /phpmyadmin/js/get_scripts.js.php?scripts[]=jquery/jquery-1.8.3.js&scripts[]=ajax.js&scripts[]=keyhandler.js&scripts[]=jquery/jquery-ui-1.9.2.custom.js&scripts[]=jquery/jquery.sprintf.js&scripts[]=jquery/jquery.cookie.js&scripts[]=jquery/jquery.mousewheel.js&scripts[]=jquery/jquery.event.drag-2.2.js&scripts[]=jquery/jquery-ui-timepicker-addon.js&scripts[]=jquery/jquery.ba-hashchange-1.3.js&scripts[]=jquery/jquery.debounce-1.0.5.js&scripts[]=jquery/jquery.menuResizer-1.0.js&scripts[]=rte.js&scripts[]=functions.js&scripts[]=navigation.js&scripts[]=indexes.js&scripts[]=common.js&scripts[]=db_structure.js&scripts[]=tbl_change.js&scripts[]=codemirror/lib/codemirror.js&scripts[]=codemirror/mode/mysql/mysql.js HTTP/1.1" 200 590944
::1 - - [03/Dec/2014:15:45:03 +0100] "GET /phpmyadmin/js/messages.php?lang=nl&db=gegevensdb&server=0&token=c53673bcf5c3634805ed3ad0a4a28ee3 HTTP/1.1" 200 18194
::1 - - [03/Dec/2014:15:45:06 +0100] "GET /phpmyadmin/sql.php?db=gegevensdb&token=c53673bcf5c3634805ed3ad0a4a28ee3&goto=db_structure.php&table=tbl_cursist&pos=0&ajax_request=true&ajax_page_request=true&menuHashes=40536d65&_nocache=1417617906851625402 HTTP/1.1" 200 10526
::1 - - [03/Dec/2014:15:45:07 +0100] "GET /phpmyadmin/js/get_scripts.js.php?scripts[]=tbl_structure.js&scripts[]=gis_data_editor.js HTTP/1.1" 200 15188
::1 - - [03/Dec/2014:15:45:07 +0100] "GET /phpmyadmin/index.php?ajax_request=1&recent_table=1&token=c53673bcf5c3634805ed3ad0a4a28ee3 HTTP/1.1" 200 777
::1 - - [03/Dec/2014:15:45:09 +0100] "GET /phpmyadmin/tbl_structure.php?db=gegevensdb&table=tbl_cursist&token=c53673bcf5c3634805ed3ad0a4a28ee3&ajax_request=true&ajax_page_request=true&menuHashes=40536d65-6a7961bd&_nocache=141761790946322867 HTTP/1.1" 200 33195
::1 - - [03/Dec/2014:15:45:10 +0100] "GET /phpmyadmin/index.php?ajax_request=1&recent_table=1&token=c53673bcf5c3634805ed3ad0a4a28ee3 HTTP/1.1" 200 777
::1 - - [03/Dec/2014:15:48:10 +0100] "POST /phpmyadmin/tbl_structure.php HTTP/1.1" 200 110926
::1 - - [03/Dec/2014:15:48:27 +0100] "POST /phpmyadmin/tbl_structure.php HTTP/1.1" 200 33984
::1 - - [03/Dec/2014:15:48:29 +0100] "POST /phpmyadmin/navigation.php?ajax_request=1&token=c53673bcf5c3634805ed3ad0a4a28ee3 HTTP/1.1" 200 3892
::1 - - [03/Dec/2014:15:52:25 +0100] "POST /phpmyadmin/tbl_structure.php HTTP/1.1" 200 38497
::1 - - [03/Dec/2014:15:52:34 +0100] "POST /phpmyadmin/tbl_structure.php HTTP/1.1" 200 32218
::1 - - [03/Dec/2014:15:52:36 +0100] "POST /phpmyadmin/navigation.php?ajax_request=1&token=c53673bcf5c3634805ed3ad0a4a28ee3 HTTP/1.1" 200 3892
::1 - - [03/Dec/2014:16:02:50 +0100] "GET /phpmyadmin/tbl_structure.php?db=gegevensdb&token=c53673bcf5c3634805ed3ad0a4a28ee3&goto=db_structure.php&table=tbl_cursist&ajax_request=true&ajax_page_request=true&menuHashes=6bf80303-f2ab6a89-b7d34acd-a19ba801-e932a3ce-0643b971-a109eb63&_nocache=1417618970039883438 HTTP/1.1" 200 34352
::1 - - [03/Dec/2014:16:02:50 +0100] "GET /phpmyadmin/index.php?ajax_request=1&recent_table=1&token=c53673bcf5c3634805ed3ad0a4a28ee3 HTTP/1.1" 200 777
::1 - - [03/Dec/2014:16:02:55 +0100] "POST /phpmyadmin/tbl_structure.php HTTP/1.1" 200 147223
::1 - - [03/Dec/2014:16:03:13 +0100] "POST /phpmyadmin/tbl_structure.php HTTP/1.1" 200 34325
::1 - - [03/Dec/2014:16:03:15 +0100] "POST /phpmyadmin/navigation.php?ajax_request=1&token=c53673bcf5c3634805ed3ad0a4a28ee3 HTTP/1.1" 200 3892
::1 - - [03/Dec/2014:16:27:17 +0100] "GET /phpmyadmin/index.php?token=c53673bcf5c3634805ed3ad0a4a28ee3 HTTP/1.1" 200 8153
::1 - - [03/Dec/2014:16:27:18 +0100] "GET /phpmyadmin/themes/pmahomme/jquery/jquery-ui-1.9.2.custom.css HTTP/1.1" 304 -
::1 - - [03/Dec/2014:16:27:18 +0100] "GET /phpmyadmin/themes/pmahomme/img/logo_right.png HTTP/1.1" 304 -
::1 - - [03/Dec/2014:16:27:18 +0100] "GET /phpmyadmin/themes/dot.gif HTTP/1.1" 304 -
::1 - - [03/Dec/2014:16:27:18 +0100] "GET /phpmyadmin/js/get_scripts.js.php?scripts[]=jquery/jquery-1.8.3.js&scripts[]=ajax.js&scripts[]=keyhandler.js&scripts[]=jquery/jquery-ui-1.9.2.custom.js&scripts[]=jquery/jquery.sprintf.js&scripts[]=jquery/jquery.cookie.js&scripts[]=jquery/jquery.mousewheel.js&scripts[]=jquery/jquery.event.drag-2.2.js&scripts[]=jquery/jquery-ui-timepicker-addon.js&scripts[]=jquery/jquery.ba-hashchange-1.3.js&scripts[]=jquery/jquery.debounce-1.0.5.js&scripts[]=jquery/jquery.menuResizer-1.0.js&scripts[]=rte.js&scripts[]=functions.js&scripts[]=navigation.js&scripts[]=indexes.js&scripts[]=common.js&scripts[]=codemirror/lib/codemirror.js&scripts[]=codemirror/mode/mysql/mysql.js HTTP/1.1" 200 578562
::1 - - [03/Dec/2014:16:27:18 +0100] "GET /phpmyadmin/js/messages.php?lang=nl&db=&server=0&token=c53673bcf5c3634805ed3ad0a4a28ee3 HTTP/1.1" 200 18194
::1 - - [03/Dec/2014:16:27:18 +0100] "GET /phpmyadmin/phpmyadmin.css.php?server=1&token=c53673bcf5c3634805ed3ad0a4a28ee3&nocache=4251026320ltr HTTP/1.1" 200 88608
::1 - - [03/Dec/2014:16:27:18 +0100] "GET /phpmyadmin/js/get_image.js.php?theme=pmahomme HTTP/1.1" 200 6263
::1 - - [03/Dec/2014:16:27:19 +0100] "GET /phpmyadmin/favicon.ico HTTP/1.1" 304 -
::1 - - [03/Dec/2014:16:27:19 +0100] "GET /phpmyadmin/tbl_structure.php?db=gegevensdb&table=tbl_cursist&server=1&target=&token=c53673bcf5c3634805ed3ad0a4a28ee3 HTTP/1.1" 200 8296
::1 - - [03/Dec/2014:16:27:23 +0100] "POST /phpmyadmin/index.php HTTP/1.1" 302 -
::1 - - [03/Dec/2014:16:27:23 +0100] "GET /phpmyadmin/index.php?db=gegevensdb&table=tbl_cursist&target=tbl_structure.php&token=c53673bcf5c3634805ed3ad0a4a28ee3 HTTP/1.1" 200 38583
::1 - - [03/Dec/2014:16:27:24 +0100] "GET /phpmyadmin/js/get_scripts.js.php?scripts[]=jquery/jquery-1.8.3.js&scripts[]=ajax.js&scripts[]=keyhandler.js&scripts[]=jquery/jquery-ui-1.9.2.custom.js&scripts[]=jquery/jquery.sprintf.js&scripts[]=jquery/jquery.cookie.js&scripts[]=jquery/jquery.mousewheel.js&scripts[]=jquery/jquery.event.drag-2.2.js&scripts[]=jquery/jquery-ui-timepicker-addon.js&scripts[]=jquery/jquery.ba-hashchange-1.3.js&scripts[]=jquery/jquery.debounce-1.0.5.js&scripts[]=jquery/jquery.menuResizer-1.0.js&scripts[]=rte.js&scripts[]=functions.js&scripts[]=navigation.js&scripts[]=indexes.js&scripts[]=common.js&scripts[]=tbl_structure.js&scripts[]=codemirror/lib/codemirror.js&scripts[]=codemirror/mode/mysql/mysql.js HTTP/1.1" 200 586058
::1 - - [03/Dec/2014:16:27:25 +0100] "GET /phpmyadmin/index.php?ajax_request=1&recent_table=1&token=c53673bcf5c3634805ed3ad0a4a28ee3 HTTP/1.1" 200 777
::1 - - [03/Dec/2014:16:31:17 +0100] "GET /phpmyadmin/index.php?db=gegevensdb&table=tbl_cursist&target=tbl_structure.php&token=c53673bcf5c3634805ed3ad0a4a28ee3 HTTP/1.1" 200 38583
::1 - - [03/Dec/2014:16:31:18 +0100] "GET /phpmyadmin/themes/pmahomme/jquery/jquery-ui-1.9.2.custom.css HTTP/1.1" 304 -
::1 - - [03/Dec/2014:16:31:18 +0100] "GET /phpmyadmin/themes/pmahomme/img/logo_left.png HTTP/1.1" 304 -
::1 - - [03/Dec/2014:16:31:18 +0100] "GET /phpmyadmin/themes/dot.gif HTTP/1.1" 304 -
::1 - - [03/Dec/2014:16:31:18 +0100] "GET /phpmyadmin/themes/pmahomme/img/ajax_clock_small.gif HTTP/1.1" 304 -
::1 - - [03/Dec/2014:16:31:19 +0100] "GET /phpmyadmin/themes/pmahomme/img/arrow_ltr.png HTTP/1.1" 304 -
::1 - - [03/Dec/2014:16:31:18 +0100] "GET /phpmyadmin/js/get_scripts.js.php?scripts[]=jquery/jquery-1.8.3.js&scripts[]=ajax.js&scripts[]=keyhandler.js&scripts[]=jquery/jquery-ui-1.9.2.custom.js&scripts[]=jquery/jquery.sprintf.js&scripts[]=jquery/jquery.cookie.js&scripts[]=jquery/jquery.mousewheel.js&scripts[]=jquery/jquery.event.drag-2.2.js&scripts[]=jquery/jquery-ui-timepicker-addon.js&scripts[]=jquery/jquery.ba-hashchange-1.3.js&scripts[]=jquery/jquery.debounce-1.0.5.js&scripts[]=jquery/jquery.menuResizer-1.0.js&scripts[]=rte.js&scripts[]=functions.js&scripts[]=navigation.js&scripts[]=indexes.js&scripts[]=common.js&scripts[]=tbl_structure.js&scripts[]=codemirror/lib/codemirror.js&scripts[]=codemirror/mode/mysql/mysql.js HTTP/1.1" 200 586058
::1 - - [03/Dec/2014:16:31:18 +0100] "GET /phpmyadmin/phpmyadmin.css.php?server=1&token=c53673bcf5c3634805ed3ad0a4a28ee3&nocache=5668636465ltr HTTP/1.1" 200 88608
::1 - - [03/Dec/2014:16:31:18 +0100] "GET /phpmyadmin/js/messages.php?lang=nl&db=gegevensdb&server=0&token=c53673bcf5c3634805ed3ad0a4a28ee3 HTTP/1.1" 200 18194
::1 - - [03/Dec/2014:16:31:18 +0100] "GET /phpmyadmin/js/get_image.js.php?theme=pmahomme HTTP/1.1" 200 6263
::1 - - [03/Dec/2014:16:31:19 +0100] "GET /phpmyadmin/index.php?db=gegevensdb&table=tbl_cursist&server=1&target=tbl_structure.php&token=c53673bcf5c3634805ed3ad0a4a28ee3 HTTP/1.1" 200 38548
::1 - - [03/Dec/2014:16:31:21 +0100] "GET /phpmyadmin/index.php?ajax_request=1&recent_table=1&token=c53673bcf5c3634805ed3ad0a4a28ee3 HTTP/1.1" 200 777
