2014-11-26 14:34:43 7656 [Note] Plugin 'FEDERATED' is disabled.
2014-11-26 14:34:43 7656 [Note] InnoDB: The InnoDB memory heap is disabled
2014-11-26 14:34:43 7656 [Note] InnoDB: Mutexes and rw_locks use Windows interlocked functions
2014-11-26 14:34:43 7656 [Note] InnoDB: Compressed tables use zlib 1.2.3
2014-11-26 14:34:43 7656 [Note] InnoDB: Not using CPU crc32 instructions
2014-11-26 14:34:43 7656 [Note] InnoDB: Initializing buffer pool, size = 128.0M
2014-11-26 14:34:43 7656 [Note] InnoDB: Completed initialization of buffer pool
2014-11-26 14:34:43 7656 [Note] InnoDB: Setting log file C:\Users\Arno\Desktop\webserver\mysql\data\ib_logfile101 size to 5 MB
2014-11-26 14:34:43 7656 [Note] InnoDB: Setting log file C:\Users\Arno\Desktop\webserver\mysql\data\ib_logfile1 size to 5 MB
2014-11-26 14:34:43 7656 [Note] InnoDB: Renaming log file C:\Users\Arno\Desktop\webserver\mysql\data\ib_logfile101 to C:\Users\Arno\Desktop\webserver\mysql\data\ib_logfile0
2014-11-26 14:34:43 7656 [Warning] InnoDB: New log files created, LSN=1626134
2014-11-26 14:34:43 7656 [Note] InnoDB: Highest supported file format is Barracuda.
2014-11-26 14:34:44 7656 [Note] InnoDB: 128 rollback segment(s) are active.
2014-11-26 14:34:44 7656 [Note] InnoDB: Waiting for purge to start
2014-11-26 14:34:44 7656 [Note] InnoDB: 5.6.13 started; log sequence number 1626636
2014-11-26 14:34:44 7656 [Warning] No existing UUID has been found, so we assume that this is the first time that this server has been started. Generating a new UUID: fb6128a2-7570-11e4-8602-f8a9638dbe16.
2014-11-26 14:34:44 7656 [Note] Server hostname (bind-address): '*'; port: 3307
2014-11-26 14:34:44 7656 [Note] IPv6 is available.
2014-11-26 14:34:44 7656 [Note]   - '::' resolves to '::';
2014-11-26 14:34:44 7656 [Note] Server socket created on IP: '::'.
2014-11-27 13:37:57 4724 [Note] Plugin 'FEDERATED' is disabled.
2014-11-27 13:37:57 4724 [Note] InnoDB: The InnoDB memory heap is disabled
2014-11-27 13:37:57 4724 [Note] InnoDB: Mutexes and rw_locks use Windows interlocked functions
2014-11-27 13:37:57 4724 [Note] InnoDB: Compressed tables use zlib 1.2.3
2014-11-27 13:37:57 4724 [Note] InnoDB: Not using CPU crc32 instructions
2014-11-27 13:37:57 4724 [Note] InnoDB: Initializing buffer pool, size = 128.0M
2014-11-27 13:37:57 4724 [Note] InnoDB: Completed initialization of buffer pool
2014-11-27 13:37:58 4724 [Note] InnoDB: Highest supported file format is Barracuda.
2014-11-27 13:37:58 4724 [Note] InnoDB: The log sequence numbers 1626134 and 1626134 in ibdata files do not match the log sequence number 1668991 in the ib_logfiles!
2014-11-27 13:37:58 4724 [Note] InnoDB: Database was not shutdown normally!
2014-11-27 13:37:58 4724 [Note] InnoDB: Starting crash recovery.
2014-11-27 13:37:58 4724 [Note] InnoDB: Reading tablespace information from the .ibd files...
2014-11-27 13:37:58 4724 [Note] InnoDB: Restoring possible half-written data pages 
2014-11-27 13:37:58 4724 [Note] InnoDB: from the doublewrite buffer...
2014-11-27 13:38:01 4724 [Note] InnoDB: 128 rollback segment(s) are active.
2014-11-27 13:38:01 4724 [Note] InnoDB: Waiting for purge to start
2014-11-27 13:38:01 4724 [Note] InnoDB: 5.6.13 started; log sequence number 1668991
2014-11-27 13:38:01 4724 [Note] Server hostname (bind-address): '*'; port: 3307
2014-11-27 13:38:01 4724 [Note] IPv6 is available.
2014-11-27 13:38:01 4724 [Note]   - '::' resolves to '::';
2014-11-27 13:38:01 4724 [Note] Server socket created on IP: '::'.
2014-12-01 13:35:31 10448 [Note] Plugin 'FEDERATED' is disabled.
2014-12-01 13:35:31 10448 [Note] InnoDB: The InnoDB memory heap is disabled
2014-12-01 13:35:31 10448 [Note] InnoDB: Mutexes and rw_locks use Windows interlocked functions
2014-12-01 13:35:31 10448 [Note] InnoDB: Compressed tables use zlib 1.2.3
2014-12-01 13:35:31 10448 [Note] InnoDB: Not using CPU crc32 instructions
2014-12-01 13:35:31 10448 [Note] InnoDB: Initializing buffer pool, size = 128.0M
2014-12-01 13:35:31 10448 [Note] InnoDB: Completed initialization of buffer pool
2014-12-01 13:35:31 10448 [Note] InnoDB: Highest supported file format is Barracuda.
2014-12-01 13:35:31 10448 [Note] InnoDB: The log sequence numbers 1626134 and 1626134 in ibdata files do not match the log sequence number 1743444 in the ib_logfiles!
2014-12-01 13:35:31 10448 [Note] InnoDB: Database was not shutdown normally!
2014-12-01 13:35:31 10448 [Note] InnoDB: Starting crash recovery.
2014-12-01 13:35:31 10448 [Note] InnoDB: Reading tablespace information from the .ibd files...
2014-12-01 13:35:31 10448 [Note] InnoDB: Restoring possible half-written data pages 
2014-12-01 13:35:31 10448 [Note] InnoDB: from the doublewrite buffer...
2014-12-01 13:35:32 10448 [Note] InnoDB: 128 rollback segment(s) are active.
2014-12-01 13:35:32 10448 [Note] InnoDB: Waiting for purge to start
2014-12-01 13:35:32 10448 [Note] InnoDB: 5.6.13 started; log sequence number 1743444
2014-12-01 13:35:32 10448 [Note] Server hostname (bind-address): '*'; port: 3307
2014-12-01 13:35:32 10448 [Note] IPv6 is available.
2014-12-01 13:35:32 10448 [Note]   - '::' resolves to '::';
2014-12-01 13:35:32 10448 [Note] Server socket created on IP: '::'.
2014-12-03 13:35:25 26632 [Note] Plugin 'FEDERATED' is disabled.
2014-12-03 13:35:25 26632 [Note] InnoDB: The InnoDB memory heap is disabled
2014-12-03 13:35:25 26632 [Note] InnoDB: Mutexes and rw_locks use Windows interlocked functions
2014-12-03 13:35:25 26632 [Note] InnoDB: Compressed tables use zlib 1.2.3
2014-12-03 13:35:25 26632 [Note] InnoDB: Not using CPU crc32 instructions
2014-12-03 13:35:25 26632 [Note] InnoDB: Initializing buffer pool, size = 128.0M
2014-12-03 13:35:25 26632 [Note] InnoDB: Completed initialization of buffer pool
2014-12-03 13:35:25 26632 [Note] InnoDB: Highest supported file format is Barracuda.
2014-12-03 13:35:25 26632 [Note] InnoDB: The log sequence numbers 1626134 and 1626134 in ibdata files do not match the log sequence number 1848954 in the ib_logfiles!
2014-12-03 13:35:25 26632 [Note] InnoDB: Database was not shutdown normally!
2014-12-03 13:35:25 26632 [Note] InnoDB: Starting crash recovery.
2014-12-03 13:35:25 26632 [Note] InnoDB: Reading tablespace information from the .ibd files...
2014-12-03 13:35:25 26632 [Note] InnoDB: Restoring possible half-written data pages 
2014-12-03 13:35:25 26632 [Note] InnoDB: from the doublewrite buffer...
2014-12-03 13:35:26 26632 [Note] InnoDB: 128 rollback segment(s) are active.
2014-12-03 13:35:26 26632 [Note] InnoDB: Waiting for purge to start
2014-12-03 13:35:26 26632 [Note] InnoDB: 5.6.13 started; log sequence number 1848954
2014-12-03 13:35:26 26632 [Note] Server hostname (bind-address): '*'; port: 3307
2014-12-03 13:35:26 26632 [Note] IPv6 is available.
2014-12-03 13:35:26 26632 [Note]   - '::' resolves to '::';
2014-12-03 13:35:26 26632 [Note] Server socket created on IP: '::'.
2014-12-03 14:28:49 11804 [Note] Plugin 'FEDERATED' is disabled.
2014-12-03 14:28:49 11804 [Note] InnoDB: The InnoDB memory heap is disabled
2014-12-03 14:28:49 11804 [Note] InnoDB: Mutexes and rw_locks use Windows interlocked functions
2014-12-03 14:28:49 11804 [Note] InnoDB: Compressed tables use zlib 1.2.3
2014-12-03 14:28:49 11804 [Note] InnoDB: Not using CPU crc32 instructions
2014-12-03 14:28:49 11804 [Note] InnoDB: Initializing buffer pool, size = 128.0M
2014-12-03 14:28:49 11804 [Note] InnoDB: Completed initialization of buffer pool
2014-12-03 14:28:49 11804 [Note] InnoDB: Highest supported file format is Barracuda.
2014-12-03 14:28:49 11804 [Note] InnoDB: The log sequence numbers 1626134 and 1626134 in ibdata files do not match the log sequence number 1872332 in the ib_logfiles!
2014-12-03 14:28:49 11804 [Note] InnoDB: Database was not shutdown normally!
2014-12-03 14:28:49 11804 [Note] InnoDB: Starting crash recovery.
2014-12-03 14:28:49 11804 [Note] InnoDB: Reading tablespace information from the .ibd files...
2014-12-03 14:28:49 11804 [Note] InnoDB: Restoring possible half-written data pages 
2014-12-03 14:28:49 11804 [Note] InnoDB: from the doublewrite buffer...
2014-12-03 14:28:50 11804 [Note] InnoDB: 128 rollback segment(s) are active.
2014-12-03 14:28:50 11804 [Note] InnoDB: Waiting for purge to start
2014-12-03 14:28:50 11804 [Note] InnoDB: 5.6.13 started; log sequence number 1872332
2014-12-03 14:28:50 11804 [Note] Server hostname (bind-address): '*'; port: 3307
2014-12-03 14:28:50 11804 [Note] IPv6 is available.
2014-12-03 14:28:50 11804 [Note]   - '::' resolves to '::';
2014-12-03 14:28:50 11804 [Note] Server socket created on IP: '::'.
